2020-07-06 22:06:24.851 [ main ] - [ INFO  ] [ com.xie.myblog.MyblogApplicationTests : 55 ] - Starting MyblogApplicationTests on WIN-02HR91NMKMS with PID 13536 (started by Administrator in F:\Java\idea\space\myblog)
2020-07-06 22:06:24.855 [ main ] - [ DEBUG ] [ com.xie.myblog.MyblogApplicationTests : 56 ] - Running with Spring Boot v2.3.0.RELEASE, Spring v5.2.6.RELEASE
2020-07-06 22:06:24.856 [ main ] - [ INFO  ] [ com.xie.myblog.MyblogApplicationTests : 651 ] - No active profile set, falling back to default profiles: default
2020-07-06 22:06:26.064 [ main ] - [ DEBUG ] [ org.apache.ibatis.logging.LogFactory : 105 ] - Logging initialized using 'class org.apache.ibatis.logging.slf4j.Slf4jImpl' adapter.
2020-07-06 22:06:26.069 [ main ] - [ DEBUG ] [ org.mybatis.spring.mapper.ClassPathMapperScanner : 435 ] - Identified candidate component class: file [F:\Java\idea\space\myblog\target\classes\com\xie\myblog\dao\BlogDao.class]
2020-07-06 22:06:26.070 [ main ] - [ DEBUG ] [ org.mybatis.spring.mapper.ClassPathMapperScanner : 435 ] - Identified candidate component class: file [F:\Java\idea\space\myblog\target\classes\com\xie\myblog\dao\BlogTypeDao.class]
2020-07-06 22:06:26.072 [ main ] - [ DEBUG ] [ org.mybatis.spring.mapper.ClassPathMapperScanner : 435 ] - Identified candidate component class: file [F:\Java\idea\space\myblog\target\classes\com\xie\myblog\dao\CommentDao.class]
2020-07-06 22:06:26.073 [ main ] - [ DEBUG ] [ org.mybatis.spring.mapper.ClassPathMapperScanner : 435 ] - Identified candidate component class: file [F:\Java\idea\space\myblog\target\classes\com\xie\myblog\dao\CountDao.class]
2020-07-06 22:06:26.073 [ main ] - [ DEBUG ] [ org.mybatis.spring.mapper.ClassPathMapperScanner : 435 ] - Identified candidate component class: file [F:\Java\idea\space\myblog\target\classes\com\xie\myblog\dao\FriendLinkDao.class]
2020-07-06 22:06:26.080 [ main ] - [ DEBUG ] [ org.mybatis.spring.mapper.ClassPathMapperScanner : 435 ] - Identified candidate component class: file [F:\Java\idea\space\myblog\target\classes\com\xie\myblog\dao\MessageDao.class]
2020-07-06 22:06:26.081 [ main ] - [ DEBUG ] [ org.mybatis.spring.mapper.ClassPathMapperScanner : 435 ] - Identified candidate component class: file [F:\Java\idea\space\myblog\target\classes\com\xie\myblog\dao\UserDao.class]
2020-07-06 22:06:26.082 [ main ] - [ DEBUG ] [ org.mybatis.spring.mapper.ClassPathMapperScanner : 435 ] - Identified candidate component class: file [F:\Java\idea\space\myblog\target\classes\com\xie\myblog\dao\UserTypeDao.class]
2020-07-06 22:06:26.087 [ main ] - [ DEBUG ] [ org.mybatis.spring.mapper.ClassPathMapperScanner : 49 ] - Creating MapperFactoryBean with name 'blogDao' and 'com.xie.myblog.dao.BlogDao' mapperInterface
2020-07-06 22:06:26.088 [ main ] - [ DEBUG ] [ org.mybatis.spring.mapper.ClassPathMapperScanner : 49 ] - Enabling autowire by type for MapperFactoryBean with name 'blogDao'.
2020-07-06 22:06:26.089 [ main ] - [ DEBUG ] [ org.mybatis.spring.mapper.ClassPathMapperScanner : 49 ] - Creating MapperFactoryBean with name 'blogTypeDao' and 'com.xie.myblog.dao.BlogTypeDao' mapperInterface
2020-07-06 22:06:26.089 [ main ] - [ DEBUG ] [ org.mybatis.spring.mapper.ClassPathMapperScanner : 49 ] - Enabling autowire by type for MapperFactoryBean with name 'blogTypeDao'.
2020-07-06 22:06:26.090 [ main ] - [ DEBUG ] [ org.mybatis.spring.mapper.ClassPathMapperScanner : 49 ] - Creating MapperFactoryBean with name 'commentDao' and 'com.xie.myblog.dao.CommentDao' mapperInterface
2020-07-06 22:06:26.090 [ main ] - [ DEBUG ] [ org.mybatis.spring.mapper.ClassPathMapperScanner : 49 ] - Enabling autowire by type for MapperFactoryBean with name 'commentDao'.
2020-07-06 22:06:26.091 [ main ] - [ DEBUG ] [ org.mybatis.spring.mapper.ClassPathMapperScanner : 49 ] - Creating MapperFactoryBean with name 'countDao' and 'com.xie.myblog.dao.CountDao' mapperInterface
2020-07-06 22:06:26.091 [ main ] - [ DEBUG ] [ org.mybatis.spring.mapper.ClassPathMapperScanner : 49 ] - Enabling autowire by type for MapperFactoryBean with name 'countDao'.
2020-07-06 22:06:26.092 [ main ] - [ DEBUG ] [ org.mybatis.spring.mapper.ClassPathMapperScanner : 49 ] - Creating MapperFactoryBean with name 'friendLinkDao' and 'com.xie.myblog.dao.FriendLinkDao' mapperInterface
2020-07-06 22:06:26.094 [ main ] - [ DEBUG ] [ org.mybatis.spring.mapper.ClassPathMapperScanner : 49 ] - Enabling autowire by type for MapperFactoryBean with name 'friendLinkDao'.
2020-07-06 22:06:26.095 [ main ] - [ DEBUG ] [ org.mybatis.spring.mapper.ClassPathMapperScanner : 49 ] - Creating MapperFactoryBean with name 'messageDao' and 'com.xie.myblog.dao.MessageDao' mapperInterface
2020-07-06 22:06:26.096 [ main ] - [ DEBUG ] [ org.mybatis.spring.mapper.ClassPathMapperScanner : 49 ] - Enabling autowire by type for MapperFactoryBean with name 'messageDao'.
2020-07-06 22:06:26.097 [ main ] - [ DEBUG ] [ org.mybatis.spring.mapper.ClassPathMapperScanner : 49 ] - Creating MapperFactoryBean with name 'userDao' and 'com.xie.myblog.dao.UserDao' mapperInterface
2020-07-06 22:06:26.097 [ main ] - [ DEBUG ] [ org.mybatis.spring.mapper.ClassPathMapperScanner : 49 ] - Enabling autowire by type for MapperFactoryBean with name 'userDao'.
2020-07-06 22:06:26.098 [ main ] - [ DEBUG ] [ org.mybatis.spring.mapper.ClassPathMapperScanner : 49 ] - Creating MapperFactoryBean with name 'userTypeDao' and 'com.xie.myblog.dao.UserTypeDao' mapperInterface
2020-07-06 22:06:26.098 [ main ] - [ DEBUG ] [ org.mybatis.spring.mapper.ClassPathMapperScanner : 49 ] - Enabling autowire by type for MapperFactoryBean with name 'userTypeDao'.
2020-07-06 22:06:26.846 [ main ] - [ DEBUG ] [ com.zaxxer.hikari.HikariConfig : 946 ] - Driver class com.mysql.cj.jdbc.Driver found in Thread context class loader sun.misc.Launcher$AppClassLoader@6bc7c054
2020-07-06 22:06:27.273 [ main ] - [ DEBUG ] [ org.mybatis.spring.SqlSessionFactoryBean : 49 ] - Parsed mapper file: 'file [F:\Java\idea\space\myblog\target\classes\mapper\BlogMapper.xml]'
2020-07-06 22:06:27.290 [ main ] - [ DEBUG ] [ org.mybatis.spring.SqlSessionFactoryBean : 49 ] - Parsed mapper file: 'file [F:\Java\idea\space\myblog\target\classes\mapper\BlogTypeMapper.xml]'
2020-07-06 22:06:27.318 [ main ] - [ DEBUG ] [ org.mybatis.spring.SqlSessionFactoryBean : 49 ] - Parsed mapper file: 'file [F:\Java\idea\space\myblog\target\classes\mapper\CommentMapper.xml]'
2020-07-06 22:06:27.330 [ main ] - [ DEBUG ] [ org.mybatis.spring.SqlSessionFactoryBean : 49 ] - Parsed mapper file: 'file [F:\Java\idea\space\myblog\target\classes\mapper\CountMapper.xml]'
2020-07-06 22:06:27.349 [ main ] - [ DEBUG ] [ org.mybatis.spring.SqlSessionFactoryBean : 49 ] - Parsed mapper file: 'file [F:\Java\idea\space\myblog\target\classes\mapper\FriendLinkMapper.xml]'
2020-07-06 22:06:27.367 [ main ] - [ DEBUG ] [ org.mybatis.spring.SqlSessionFactoryBean : 49 ] - Parsed mapper file: 'file [F:\Java\idea\space\myblog\target\classes\mapper\MessageMapper.xml]'
2020-07-06 22:06:27.389 [ main ] - [ DEBUG ] [ org.mybatis.spring.SqlSessionFactoryBean : 49 ] - Parsed mapper file: 'file [F:\Java\idea\space\myblog\target\classes\mapper\UserMapper.xml]'
2020-07-06 22:06:27.404 [ main ] - [ DEBUG ] [ org.mybatis.spring.SqlSessionFactoryBean : 49 ] - Parsed mapper file: 'file [F:\Java\idea\space\myblog\target\classes\mapper\UserTypeMapper.xml]'
2020-07-06 22:06:29.204 [ main ] - [ INFO  ] [ com.xie.myblog.MyblogApplicationTests : 61 ] - Started MyblogApplicationTests in 5.021 seconds (JVM running for 6.714)
